-------------------------------------------------------------------------------
Test set: TestSuite
-------------------------------------------------------------------------------
Tests run: 5, Failures: 1, Errors: 0, Skipped: 0, Time elapsed: 12.283 s <<< FAILURE! - in TestSuite
UserFlow.getUser  Time elapsed: 1.683 s  <<< FAILURE!
java.lang.AssertionError: 
1 expectation failed.
Expected status code <200> but was <404>.

	at UserFlow.getUser(UserFlow.java:67)

