<?xml version="1.0" encoding="UTF-8"?>
<testsuite xmlns:xsi="http://www.w3.org/2001/XMLSchema-instance" xsi:noNamespaceSchemaLocation="https://maven.apache.org/surefire/maven-surefire-plugin/xsd/surefire-test-report-3.0.xsd" version="3.0" name="TestSuite" time="12.283" tests="5" errors="0" skipped="0" failures="1">
  <properties>
[...]
</properties>
  <testcase name="createUser" classname="UserFlow" time="3.695">
    <system-out><![CDATA[created user ID is: 742
]]></system-out>
    <system-err><![CDATA[SLF4J(W): No SLF4J providers were found.
SLF4J(W): Defaulting to no-operation (NOP) logger implementation
SLF4J(W): See https://www.slf4j.org/codes.html#noProviders for further details.
]]></system-err>
  </testcase>
  <testcase name="updateUser" classname="UserFlow" time="2.972">
    <system-out><![CDATA[Job after update is: Engineer
]]></system-out>
  </testcase>
  <testcase name="getUser" classname="UserFlow" time="1.683">
    <failure message="1 expectation failed.&#10;Expected status code &lt;200&gt; but was &lt;404&gt;.&#10;" type="java.lang.AssertionError"><![CDATA[java.lang.AssertionError: 
1 expectation failed.
Expected status code <200> but was <404>.

	at UserFlow.getUser(UserFlow.java:67)
]]></failure>
  </testcase>
  <testcase name="deleteUser" classname="UserFlow" time="1.115"/>
  <testcase name="getDeletedUser" classname="UserFlow" time="1.084"/>
</testsuite>